<?xml version="1.0" encoding="UTF-8"?>
<testng-results total="5" passed="5" failed="0" skipped="0">
  <reporter-output>
  </reporter-output>
  <suite started-at="2024-09-21T11:12:27Z" name="Test Suite for Buildout" finished-at="2024-09-21T11:13:08Z" duration-ms="40519">
    <groups>
    </groups>
    <test started-at="2024-09-21T11:12:27Z" name="Test Cases for Buildout" finished-at="2024-09-21T11:13:08Z" duration-ms="40519">
      <class name="demo.TestCases">
        <test-method is-config="true" signature="startBrowser()[pri:0, instance:demo.TestCases@781f10f2]" started-at="2024-09-21T04:12:27Z" name="startBrowser" finished-at="2024-09-21T04:12:30Z" duration-ms="2839" status="PASS">
          <reporter-output>
          </reporter-output>
        </test-method> <!-- startBrowser -->
        <test-method signature="testCase01()[pri:0, instance:demo.TestCases@781f10f2]" started-at="2024-09-21T04:12:30Z" name="testCase01" finished-at="2024-09-21T04:12:37Z" duration-ms="6974" status="PASS">
          <reporter-output>
          </reporter-output>
        </test-method> <!-- testCase01 -->
        <test-method signature="testCase02()[pri:0, instance:demo.TestCases@781f10f2]" started-at="2024-09-21T04:12:37Z" name="testCase02" finished-at="2024-09-21T04:12:37Z" duration-ms="358" status="PASS">
          <reporter-output>
          </reporter-output>
        </test-method> <!-- testCase02 -->
        <test-method signature="testCase03()[pri:0, instance:demo.TestCases@781f10f2]" started-at="2024-09-21T04:12:37Z" name="testCase03" finished-at="2024-09-21T04:12:54Z" duration-ms="17049" status="PASS">
          <reporter-output>
          </reporter-output>
        </test-method> <!-- testCase03 -->
        <test-method signature="testCase04()[pri:0, instance:demo.TestCases@781f10f2]" started-at="2024-09-21T04:12:54Z" name="testCase04" finished-at="2024-09-21T04:13:02Z" duration-ms="7421" status="PASS">
          <reporter-output>
          </reporter-output>
        </test-method> <!-- testCase04 -->
        <test-method signature="testCase05()[pri:0, instance:demo.TestCases@781f10f2]" started-at="2024-09-21T04:13:02Z" name="testCase05" finished-at="2024-09-21T04:13:07Z" duration-ms="4999" status="PASS">
          <reporter-output>
          </reporter-output>
        </test-method> <!-- testCase05 -->
        <test-method is-config="true" signature="endTest()[pri:0, instance:demo.TestCases@781f10f2]" started-at="2024-09-21T04:13:07Z" name="endTest" finished-at="2024-09-21T04:13:08Z" duration-ms="856" status="PASS">
          <reporter-output>
          </reporter-output>
        </test-method> <!-- endTest -->
      </class> <!-- demo.TestCases -->
    </test> <!-- Test Cases for Buildout -->
  </suite> <!-- Test Suite for Buildout -->
</testng-results>
